

Started GET "/" for 127.0.0.1 at 2012-09-10 12:53:30 -0300

Mongoid::Errors::NoSessionsConfig (
Problem:
  No sessions configuration provided.
Summary:
  Mongoid's configuration requires that you provide details about each session that can be connected to, and requires in the sessions config at least 1 default session to exist.
Resolution:
  Double check your mongoid.yml to make sure that you have a top-level sessions key with at least 1 default session configuration for it. You can regenerate a new mongoid.yml for assistance via `rails g mongoid:config`.

 Example:
   development:
     sessions:
       default:
         database: mongoid_dev
         hosts:
           - localhost:27017

):
  mongoid (3.0.5) lib/mongoid/sessions/factory.rb:61:in `create_session'
  mongoid (3.0.5) lib/mongoid/sessions/factory.rb:43:in `default'
  mongoid (3.0.5) lib/mongoid/sessions.rb:109:in `default'
  mongoid (3.0.5) lib/mongoid/sessions.rb:378:in `__session__'
  mongoid (3.0.5) lib/mongoid/sessions.rb:213:in `mongo_session'
  mongoid (3.0.5) lib/mongoid/sessions.rb:157:in `collection'
  mongoid (3.0.5) lib/mongoid/contextual/mongo.rb:217:in `initialize'
  mongoid (3.0.5) lib/mongoid/contextual.rb:47:in `new'
  mongoid (3.0.5) lib/mongoid/contextual.rb:47:in `create_context'
  mongoid (3.0.5) lib/mongoid/contextual.rb:30:in `context'
  mongoid (3.0.5) lib/mongoid/contextual.rb:18:in `first'
  orm_adapter (0.4.0) lib/orm_adapter/adapters/mongoid.rb:22:in `get'
  devise (2.1.2) lib/devise/models/authenticatable.rb:183:in `serialize_from_session'
  devise (2.1.2) lib/devise/rails/warden_compat.rb:29:in `deserialize'
  warden (1.2.1) lib/warden/session_serializer.rb:35:in `fetch'
  warden (1.2.1) lib/warden/proxy.rb:212:in `user'
  warden (1.2.1) lib/warden/proxy.rb:318:in `_perform_authentication'
  warden (1.2.1) lib/warden/proxy.rb:104:in `authenticate'
  warden (1.2.1) lib/warden/proxy.rb:114:in `authenticate?'
  devise (2.1.2) lib/devise/rails/routes.rb:286:in `block in authenticated'
  actionpack (3.2.8) lib/action_dispatch/routing/mapper.rb:31:in `call'
  actionpack (3.2.8) lib/action_dispatch/routing/mapper.rb:31:in `block in matches?'
  actionpack (3.2.8) lib/action_dispatch/routing/mapper.rb:28:in `each'
  actionpack (3.2.8) lib/action_dispatch/routing/mapper.rb:28:in `matches?'
  actionpack (3.2.8) lib/action_dispatch/routing/mapper.rb:42:in `call'
  journey (1.0.4) lib/journey/router.rb:68:in `block in call'
  journey (1.0.4) lib/journey/router.rb:56:in `each'
  journey (1.0.4) lib/journey/router.rb:56:in `call'
  actionpack (3.2.8) lib/action_dispatch/routing/route_set.rb:600:in `call'
  omniauth (1.1.1) lib/omniauth/strategy.rb:177:in `call!'
  omniauth (1.1.1) lib/omniauth/strategy.rb:157:in `call'
  omniauth (1.1.1) lib/omniauth/strategy.rb:177:in `call!'
  omniauth (1.1.1) lib/omniauth/strategy.rb:157:in `call'
  omniauth (1.1.1) lib/omniauth/builder.rb:48:in `call'
  sass (3.2.1) lib/sass/plugin/rack.rb:54:in `call'
  mongoid (3.0.5) lib/rack/mongoid/middleware/identity_map.rb:33:in `block in call'
  mongoid (3.0.5) lib/mongoid/unit_of_work.rb:39:in `unit_of_work'
  mongoid (3.0.5) lib/rack/mongoid/middleware/identity_map.rb:33:in `call'
  warden (1.2.1) lib/warden/manager.rb:35:in `block in call'
  warden (1.2.1) lib/warden/manager.rb:34:in `catch'
  warden (1.2.1) lib/warden/manager.rb:34:in `call'
  actionpack (3.2.8) lib/action_dispatch/middleware/best_standards_support.rb:17:in `call'
  rack (1.4.1) lib/rack/etag.rb:23:in `call'
  rack (1.4.1) lib/rack/conditionalget.rb:25:in `call'
  actionpack (3.2.8) lib/action_dispatch/middleware/head.rb:14:in `call'
  actionpack (3.2.8) lib/action_dispatch/middleware/params_parser.rb:21:in `call'
  actionpack (3.2.8) lib/action_dispatch/middleware/flash.rb:242:in `call'
  rack (1.4.1) lib/rack/session/abstract/id.rb:205:in `context'
  rack (1.4.1) lib/rack/session/abstract/id.rb:200:in `call'
  actionpack (3.2.8) lib/action_dispatch/middleware/cookies.rb:339:in `call'
  actionpack (3.2.8) lib/action_dispatch/middleware/callbacks.rb:28:in `block in call'
  activesupport (3.2.8) lib/active_support/callbacks.rb:405:in `_run__3775620021497910837__call__2711445876216988320__callbacks'
  activesupport (3.2.8) lib/active_support/callbacks.rb:405:in `__run_callback'
  activesupport (3.2.8) lib/active_support/callbacks.rb:385:in `_run_call_callbacks'
  activesupport (3.2.8) lib/active_support/callbacks.rb:81:in `run_callbacks'
  actionpack (3.2.8) lib/action_dispatch/middleware/callbacks.rb:27:in `call'
  actionpack (3.2.8) lib/action_dispatch/middleware/reloader.rb:65:in `call'
  actionpack (3.2.8) lib/action_dispatch/middleware/remote_ip.rb:31:in `call'
  actionpack (3.2.8) lib/action_dispatch/middleware/debug_exceptions.rb:16:in `call'
  actionpack (3.2.8) lib/action_dispatch/middleware/show_exceptions.rb:56:in `call'
  railties (3.2.8) lib/rails/rack/logger.rb:26:in `call_app'
  railties (3.2.8) lib/rails/rack/logger.rb:16:in `call'
  actionpack (3.2.8) lib/action_dispatch/middleware/request_id.rb:22:in `call'
  rack (1.4.1) lib/rack/methodoverride.rb:21:in `call'
  rack (1.4.1) lib/rack/runtime.rb:17:in `call'
  activesupport (3.2.8) lib/active_support/cache/strategy/local_cache.rb:72:in `call'
  rack (1.4.1) lib/rack/lock.rb:15:in `call'
  actionpack (3.2.8) lib/action_dispatch/middleware/static.rb:62:in `call'
  railties (3.2.8) lib/rails/engine.rb:479:in `call'
  railties (3.2.8) lib/rails/application.rb:223:in `call'
  railties (3.2.8) lib/rails/railtie/configurable.rb:30:in `method_missing'
  unicorn (4.3.1) lib/unicorn/http_server.rb:531:in `process_client'
  unicorn (4.3.1) lib/unicorn/http_server.rb:606:in `worker_loop'
  unicorn (4.3.1) lib/unicorn/http_server.rb:487:in `spawn_missing_workers'
  unicorn (4.3.1) lib/unicorn/http_server.rb:137:in `start'
  unicorn (4.3.1) bin/unicorn:121:in `<top (required)>'
  /Users/msdark/.rvm/gems/ruby-1.9.3-p194/bin/unicorn:19:in `load'
  /Users/msdark/.rvm/gems/ruby-1.9.3-p194/bin/unicorn:19:in `<main>'
  /Users/msdark/.rvm/gems/ruby-1.9.3-p194/bin/ruby_noexec_wrapper:14:in `eval'
  /Users/msdark/.rvm/gems/ruby-1.9.3-p194/bin/ruby_noexec_wrapper:14:in `<main>'




Started GET "/" for 127.0.0.1 at 2012-09-10 12:55:44 -0300

Mongoid::Errors::NoSessionsConfig (
Problem:
  No sessions configuration provided.
Summary:
  Mongoid's configuration requires that you provide details about each session that can be connected to, and requires in the sessions config at least 1 default session to exist.
Resolution:
  Double check your mongoid.yml to make sure that you have a top-level sessions key with at least 1 default session configuration for it. You can regenerate a new mongoid.yml for assistance via `rails g mongoid:config`.

 Example:
   development:
     sessions:
       default:
         database: mongoid_dev
         hosts:
           - localhost:27017

):
  mongoid (3.0.5) lib/mongoid/sessions/factory.rb:61:in `create_session'
  mongoid (3.0.5) lib/mongoid/sessions/factory.rb:43:in `default'
  mongoid (3.0.5) lib/mongoid/sessions.rb:109:in `default'
  mongoid (3.0.5) lib/mongoid/sessions.rb:378:in `__session__'
  mongoid (3.0.5) lib/mongoid/sessions.rb:213:in `mongo_session'
  mongoid (3.0.5) lib/mongoid/sessions.rb:157:in `collection'
  mongoid (3.0.5) lib/mongoid/contextual/mongo.rb:217:in `initialize'
  mongoid (3.0.5) lib/mongoid/contextual.rb:47:in `new'
  mongoid (3.0.5) lib/mongoid/contextual.rb:47:in `create_context'
  mongoid (3.0.5) lib/mongoid/contextual.rb:30:in `context'
  mongoid (3.0.5) lib/mongoid/contextual.rb:18:in `first'
  orm_adapter (0.4.0) lib/orm_adapter/adapters/mongoid.rb:22:in `get'
  devise (2.1.2) lib/devise/models/authenticatable.rb:183:in `serialize_from_session'
  devise (2.1.2) lib/devise/rails/warden_compat.rb:29:in `deserialize'
  warden (1.2.1) lib/warden/session_serializer.rb:35:in `fetch'
  warden (1.2.1) lib/warden/proxy.rb:212:in `user'
  warden (1.2.1) lib/warden/proxy.rb:318:in `_perform_authentication'
  warden (1.2.1) lib/warden/proxy.rb:104:in `authenticate'
  warden (1.2.1) lib/warden/proxy.rb:114:in `authenticate?'
  devise (2.1.2) lib/devise/rails/routes.rb:286:in `block in authenticated'
  actionpack (3.2.8) lib/action_dispatch/routing/mapper.rb:31:in `call'
  actionpack (3.2.8) lib/action_dispatch/routing/mapper.rb:31:in `block in matches?'
  actionpack (3.2.8) lib/action_dispatch/routing/mapper.rb:28:in `each'
  actionpack (3.2.8) lib/action_dispatch/routing/mapper.rb:28:in `matches?'
  actionpack (3.2.8) lib/action_dispatch/routing/mapper.rb:42:in `call'
  journey (1.0.4) lib/journey/router.rb:68:in `block in call'
  journey (1.0.4) lib/journey/router.rb:56:in `each'
  journey (1.0.4) lib/journey/router.rb:56:in `call'
  actionpack (3.2.8) lib/action_dispatch/routing/route_set.rb:600:in `call'
  omniauth (1.1.1) lib/omniauth/strategy.rb:177:in `call!'
  omniauth (1.1.1) lib/omniauth/strategy.rb:157:in `call'
  omniauth (1.1.1) lib/omniauth/strategy.rb:177:in `call!'
  omniauth (1.1.1) lib/omniauth/strategy.rb:157:in `call'
  omniauth (1.1.1) lib/omniauth/builder.rb:48:in `call'
  sass (3.2.1) lib/sass/plugin/rack.rb:54:in `call'
  mongoid (3.0.5) lib/rack/mongoid/middleware/identity_map.rb:33:in `block in call'
  mongoid (3.0.5) lib/mongoid/unit_of_work.rb:39:in `unit_of_work'
  mongoid (3.0.5) lib/rack/mongoid/middleware/identity_map.rb:33:in `call'
  warden (1.2.1) lib/warden/manager.rb:35:in `block in call'
  warden (1.2.1) lib/warden/manager.rb:34:in `catch'
  warden (1.2.1) lib/warden/manager.rb:34:in `call'
  actionpack (3.2.8) lib/action_dispatch/middleware/best_standards_support.rb:17:in `call'
  rack (1.4.1) lib/rack/etag.rb:23:in `call'
  rack (1.4.1) lib/rack/conditionalget.rb:25:in `call'
  actionpack (3.2.8) lib/action_dispatch/middleware/head.rb:14:in `call'
  actionpack (3.2.8) lib/action_dispatch/middleware/params_parser.rb:21:in `call'
  actionpack (3.2.8) lib/action_dispatch/middleware/flash.rb:242:in `call'
  rack (1.4.1) lib/rack/session/abstract/id.rb:205:in `context'
  rack (1.4.1) lib/rack/session/abstract/id.rb:200:in `call'
  actionpack (3.2.8) lib/action_dispatch/middleware/cookies.rb:339:in `call'
  actionpack (3.2.8) lib/action_dispatch/middleware/callbacks.rb:28:in `block in call'
  activesupport (3.2.8) lib/active_support/callbacks.rb:405:in `_run__484232041442836346__call__1189679611229336896__callbacks'
  activesupport (3.2.8) lib/active_support/callbacks.rb:405:in `__run_callback'
  activesupport (3.2.8) lib/active_support/callbacks.rb:385:in `_run_call_callbacks'
  activesupport (3.2.8) lib/active_support/callbacks.rb:81:in `run_callbacks'
  actionpack (3.2.8) lib/action_dispatch/middleware/callbacks.rb:27:in `call'
  actionpack (3.2.8) lib/action_dispatch/middleware/reloader.rb:65:in `call'
  actionpack (3.2.8) lib/action_dispatch/middleware/remote_ip.rb:31:in `call'
  actionpack (3.2.8) lib/action_dispatch/middleware/debug_exceptions.rb:16:in `call'
  actionpack (3.2.8) lib/action_dispatch/middleware/show_exceptions.rb:56:in `call'
  railties (3.2.8) lib/rails/rack/logger.rb:26:in `call_app'
  railties (3.2.8) lib/rails/rack/logger.rb:16:in `call'
  actionpack (3.2.8) lib/action_dispatch/middleware/request_id.rb:22:in `call'
  rack (1.4.1) lib/rack/methodoverride.rb:21:in `call'
  rack (1.4.1) lib/rack/runtime.rb:17:in `call'
  activesupport (3.2.8) lib/active_support/cache/strategy/local_cache.rb:72:in `call'
  rack (1.4.1) lib/rack/lock.rb:15:in `call'
  actionpack (3.2.8) lib/action_dispatch/middleware/static.rb:62:in `call'
  railties (3.2.8) lib/rails/engine.rb:479:in `call'
  railties (3.2.8) lib/rails/application.rb:223:in `call'
  railties (3.2.8) lib/rails/railtie/configurable.rb:30:in `method_missing'
  unicorn (4.3.1) lib/unicorn/http_server.rb:531:in `process_client'
  unicorn (4.3.1) lib/unicorn/http_server.rb:606:in `worker_loop'
  unicorn (4.3.1) lib/unicorn/http_server.rb:487:in `spawn_missing_workers'
  unicorn (4.3.1) lib/unicorn/http_server.rb:137:in `start'
  unicorn (4.3.1) bin/unicorn:121:in `<top (required)>'
  /Users/msdark/.rvm/gems/ruby-1.9.3-p194/bin/unicorn:19:in `load'
  /Users/msdark/.rvm/gems/ruby-1.9.3-p194/bin/unicorn:19:in `<main>'
  /Users/msdark/.rvm/gems/ruby-1.9.3-p194/bin/ruby_noexec_wrapper:14:in `eval'
  /Users/msdark/.rvm/gems/ruby-1.9.3-p194/bin/ruby_noexec_wrapper:14:in `<main>'




Started GET "/" for 127.0.0.1 at 2012-09-10 12:58:22 -0300

Mongoid::Errors::NoSessionsConfig (
Problem:
  No sessions configuration provided.
Summary:
  Mongoid's configuration requires that you provide details about each session that can be connected to, and requires in the sessions config at least 1 default session to exist.
Resolution:
  Double check your mongoid.yml to make sure that you have a top-level sessions key with at least 1 default session configuration for it. You can regenerate a new mongoid.yml for assistance via `rails g mongoid:config`.

 Example:
   development:
     sessions:
       default:
         database: mongoid_dev
         hosts:
           - localhost:27017

):
  mongoid (3.0.5) lib/mongoid/sessions/factory.rb:61:in `create_session'
  mongoid (3.0.5) lib/mongoid/sessions/factory.rb:43:in `default'
  mongoid (3.0.5) lib/mongoid/sessions.rb:109:in `default'
  mongoid (3.0.5) lib/mongoid/sessions.rb:378:in `__session__'
  mongoid (3.0.5) lib/mongoid/sessions.rb:213:in `mongo_session'
  mongoid (3.0.5) lib/mongoid/sessions.rb:157:in `collection'
  mongoid (3.0.5) lib/mongoid/contextual/mongo.rb:217:in `initialize'
  mongoid (3.0.5) lib/mongoid/contextual.rb:47:in `new'
  mongoid (3.0.5) lib/mongoid/contextual.rb:47:in `create_context'
  mongoid (3.0.5) lib/mongoid/contextual.rb:30:in `context'
  mongoid (3.0.5) lib/mongoid/contextual.rb:18:in `first'
  orm_adapter (0.4.0) lib/orm_adapter/adapters/mongoid.rb:22:in `get'
  devise (2.1.2) lib/devise/models/authenticatable.rb:183:in `serialize_from_session'
  devise (2.1.2) lib/devise/rails/warden_compat.rb:29:in `deserialize'
  warden (1.2.1) lib/warden/session_serializer.rb:35:in `fetch'
  warden (1.2.1) lib/warden/proxy.rb:212:in `user'
  warden (1.2.1) lib/warden/proxy.rb:318:in `_perform_authentication'
  warden (1.2.1) lib/warden/proxy.rb:104:in `authenticate'
  warden (1.2.1) lib/warden/proxy.rb:114:in `authenticate?'
  devise (2.1.2) lib/devise/rails/routes.rb:286:in `block in authenticated'
  actionpack (3.2.8) lib/action_dispatch/routing/mapper.rb:31:in `call'
  actionpack (3.2.8) lib/action_dispatch/routing/mapper.rb:31:in `block in matches?'
  actionpack (3.2.8) lib/action_dispatch/routing/mapper.rb:28:in `each'
  actionpack (3.2.8) lib/action_dispatch/routing/mapper.rb:28:in `matches?'
  actionpack (3.2.8) lib/action_dispatch/routing/mapper.rb:42:in `call'
  journey (1.0.4) lib/journey/router.rb:68:in `block in call'
  journey (1.0.4) lib/journey/router.rb:56:in `each'
  journey (1.0.4) lib/journey/router.rb:56:in `call'
  actionpack (3.2.8) lib/action_dispatch/routing/route_set.rb:600:in `call'
  omniauth (1.1.1) lib/omniauth/strategy.rb:177:in `call!'
  omniauth (1.1.1) lib/omniauth/strategy.rb:157:in `call'
  omniauth (1.1.1) lib/omniauth/strategy.rb:177:in `call!'
  omniauth (1.1.1) lib/omniauth/strategy.rb:157:in `call'
  omniauth (1.1.1) lib/omniauth/builder.rb:48:in `call'
  sass (3.2.1) lib/sass/plugin/rack.rb:54:in `call'
  mongoid (3.0.5) lib/rack/mongoid/middleware/identity_map.rb:33:in `block in call'
  mongoid (3.0.5) lib/mongoid/unit_of_work.rb:39:in `unit_of_work'
  mongoid (3.0.5) lib/rack/mongoid/middleware/identity_map.rb:33:in `call'
  warden (1.2.1) lib/warden/manager.rb:35:in `block in call'
  warden (1.2.1) lib/warden/manager.rb:34:in `catch'
  warden (1.2.1) lib/warden/manager.rb:34:in `call'
  actionpack (3.2.8) lib/action_dispatch/middleware/best_standards_support.rb:17:in `call'
  rack (1.4.1) lib/rack/etag.rb:23:in `call'
  rack (1.4.1) lib/rack/conditionalget.rb:25:in `call'
  actionpack (3.2.8) lib/action_dispatch/middleware/head.rb:14:in `call'
  actionpack (3.2.8) lib/action_dispatch/middleware/params_parser.rb:21:in `call'
  actionpack (3.2.8) lib/action_dispatch/middleware/flash.rb:242:in `call'
  rack (1.4.1) lib/rack/session/abstract/id.rb:205:in `context'
  rack (1.4.1) lib/rack/session/abstract/id.rb:200:in `call'
  actionpack (3.2.8) lib/action_dispatch/middleware/cookies.rb:339:in `call'
  actionpack (3.2.8) lib/action_dispatch/middleware/callbacks.rb:28:in `block in call'
  activesupport (3.2.8) lib/active_support/callbacks.rb:405:in `_run__2849794199945275098__call__4398921288384960729__callbacks'
  activesupport (3.2.8) lib/active_support/callbacks.rb:405:in `__run_callback'
  activesupport (3.2.8) lib/active_support/callbacks.rb:385:in `_run_call_callbacks'
  activesupport (3.2.8) lib/active_support/callbacks.rb:81:in `run_callbacks'
  actionpack (3.2.8) lib/action_dispatch/middleware/callbacks.rb:27:in `call'
  actionpack (3.2.8) lib/action_dispatch/middleware/reloader.rb:65:in `call'
  actionpack (3.2.8) lib/action_dispatch/middleware/remote_ip.rb:31:in `call'
  actionpack (3.2.8) lib/action_dispatch/middleware/debug_exceptions.rb:16:in `call'
  actionpack (3.2.8) lib/action_dispatch/middleware/show_exceptions.rb:56:in `call'
  railties (3.2.8) lib/rails/rack/logger.rb:26:in `call_app'
  railties (3.2.8) lib/rails/rack/logger.rb:16:in `call'
  actionpack (3.2.8) lib/action_dispatch/middleware/request_id.rb:22:in `call'
  rack (1.4.1) lib/rack/methodoverride.rb:21:in `call'
  rack (1.4.1) lib/rack/runtime.rb:17:in `call'
  activesupport (3.2.8) lib/active_support/cache/strategy/local_cache.rb:72:in `call'
  rack (1.4.1) lib/rack/lock.rb:15:in `call'
  actionpack (3.2.8) lib/action_dispatch/middleware/static.rb:62:in `call'
  railties (3.2.8) lib/rails/engine.rb:479:in `call'
  railties (3.2.8) lib/rails/application.rb:223:in `call'
  railties (3.2.8) lib/rails/railtie/configurable.rb:30:in `method_missing'
  unicorn (4.3.1) lib/unicorn/http_server.rb:531:in `process_client'
  unicorn (4.3.1) lib/unicorn/http_server.rb:606:in `worker_loop'
  unicorn (4.3.1) lib/unicorn/http_server.rb:487:in `spawn_missing_workers'
  unicorn (4.3.1) lib/unicorn/http_server.rb:137:in `start'
  unicorn (4.3.1) bin/unicorn:121:in `<top (required)>'
  /Users/msdark/.rvm/gems/ruby-1.9.3-p194/bin/unicorn:19:in `load'
  /Users/msdark/.rvm/gems/ruby-1.9.3-p194/bin/unicorn:19:in `<main>'
  /Users/msdark/.rvm/gems/ruby-1.9.3-p194/bin/ruby_noexec_wrapper:14:in `eval'
  /Users/msdark/.rvm/gems/ruby-1.9.3-p194/bin/ruby_noexec_wrapper:14:in `<main>'




Started GET "/" for 127.0.0.1 at 2012-09-10 13:02:05 -0300

Mongoid::Errors::NoSessionsConfig (
Problem:
  No sessions configuration provided.
Summary:
  Mongoid's configuration requires that you provide details about each session that can be connected to, and requires in the sessions config at least 1 default session to exist.
Resolution:
  Double check your mongoid.yml to make sure that you have a top-level sessions key with at least 1 default session configuration for it. You can regenerate a new mongoid.yml for assistance via `rails g mongoid:config`.

 Example:
   development:
     sessions:
       default:
         database: mongoid_dev
         hosts:
           - localhost:27017

):
  mongoid (3.0.5) lib/mongoid/sessions/factory.rb:61:in `create_session'
  mongoid (3.0.5) lib/mongoid/sessions/factory.rb:43:in `default'
  mongoid (3.0.5) lib/mongoid/sessions.rb:109:in `default'
  mongoid (3.0.5) lib/mongoid/sessions.rb:378:in `__session__'
  mongoid (3.0.5) lib/mongoid/sessions.rb:213:in `mongo_session'
  mongoid (3.0.5) lib/mongoid/sessions.rb:157:in `collection'
  mongoid (3.0.5) lib/mongoid/contextual/mongo.rb:217:in `initialize'
  mongoid (3.0.5) lib/mongoid/contextual.rb:47:in `new'
  mongoid (3.0.5) lib/mongoid/contextual.rb:47:in `create_context'
  mongoid (3.0.5) lib/mongoid/contextual.rb:30:in `context'
  mongoid (3.0.5) lib/mongoid/contextual.rb:18:in `first'
  orm_adapter (0.4.0) lib/orm_adapter/adapters/mongoid.rb:22:in `get'
  devise (2.1.2) lib/devise/models/authenticatable.rb:183:in `serialize_from_session'
  devise (2.1.2) lib/devise/rails/warden_compat.rb:29:in `deserialize'
  warden (1.2.1) lib/warden/session_serializer.rb:35:in `fetch'
  warden (1.2.1) lib/warden/proxy.rb:212:in `user'
  warden (1.2.1) lib/warden/proxy.rb:318:in `_perform_authentication'
  warden (1.2.1) lib/warden/proxy.rb:104:in `authenticate'
  warden (1.2.1) lib/warden/proxy.rb:114:in `authenticate?'
  devise (2.1.2) lib/devise/rails/routes.rb:286:in `block in authenticated'
  actionpack (3.2.8) lib/action_dispatch/routing/mapper.rb:31:in `call'
  actionpack (3.2.8) lib/action_dispatch/routing/mapper.rb:31:in `block in matches?'
  actionpack (3.2.8) lib/action_dispatch/routing/mapper.rb:28:in `each'
  actionpack (3.2.8) lib/action_dispatch/routing/mapper.rb:28:in `matches?'
  actionpack (3.2.8) lib/action_dispatch/routing/mapper.rb:42:in `call'
  journey (1.0.4) lib/journey/router.rb:68:in `block in call'
  journey (1.0.4) lib/journey/router.rb:56:in `each'
  journey (1.0.4) lib/journey/router.rb:56:in `call'
  actionpack (3.2.8) lib/action_dispatch/routing/route_set.rb:600:in `call'
  omniauth (1.1.1) lib/omniauth/strategy.rb:177:in `call!'
  omniauth (1.1.1) lib/omniauth/strategy.rb:157:in `call'
  omniauth (1.1.1) lib/omniauth/strategy.rb:177:in `call!'
  omniauth (1.1.1) lib/omniauth/strategy.rb:157:in `call'
  omniauth (1.1.1) lib/omniauth/builder.rb:48:in `call'
  sass (3.2.1) lib/sass/plugin/rack.rb:54:in `call'
  mongoid (3.0.5) lib/rack/mongoid/middleware/identity_map.rb:33:in `block in call'
  mongoid (3.0.5) lib/mongoid/unit_of_work.rb:39:in `unit_of_work'
  mongoid (3.0.5) lib/rack/mongoid/middleware/identity_map.rb:33:in `call'
  warden (1.2.1) lib/warden/manager.rb:35:in `block in call'
  warden (1.2.1) lib/warden/manager.rb:34:in `catch'
  warden (1.2.1) lib/warden/manager.rb:34:in `call'
  actionpack (3.2.8) lib/action_dispatch/middleware/best_standards_support.rb:17:in `call'
  rack (1.4.1) lib/rack/etag.rb:23:in `call'
  rack (1.4.1) lib/rack/conditionalget.rb:25:in `call'
  actionpack (3.2.8) lib/action_dispatch/middleware/head.rb:14:in `call'
  actionpack (3.2.8) lib/action_dispatch/middleware/params_parser.rb:21:in `call'
  actionpack (3.2.8) lib/action_dispatch/middleware/flash.rb:242:in `call'
  rack (1.4.1) lib/rack/session/abstract/id.rb:205:in `context'
  rack (1.4.1) lib/rack/session/abstract/id.rb:200:in `call'
  actionpack (3.2.8) lib/action_dispatch/middleware/cookies.rb:339:in `call'
  actionpack (3.2.8) lib/action_dispatch/middleware/callbacks.rb:28:in `block in call'
  activesupport (3.2.8) lib/active_support/callbacks.rb:405:in `_run__1151097683926589445__call__2928333925730660628__callbacks'
  activesupport (3.2.8) lib/active_support/callbacks.rb:405:in `__run_callback'
  activesupport (3.2.8) lib/active_support/callbacks.rb:385:in `_run_call_callbacks'
  activesupport (3.2.8) lib/active_support/callbacks.rb:81:in `run_callbacks'
  actionpack (3.2.8) lib/action_dispatch/middleware/callbacks.rb:27:in `call'
  actionpack (3.2.8) lib/action_dispatch/middleware/reloader.rb:65:in `call'
  actionpack (3.2.8) lib/action_dispatch/middleware/remote_ip.rb:31:in `call'
  actionpack (3.2.8) lib/action_dispatch/middleware/debug_exceptions.rb:16:in `call'
  actionpack (3.2.8) lib/action_dispatch/middleware/show_exceptions.rb:56:in `call'
  railties (3.2.8) lib/rails/rack/logger.rb:26:in `call_app'
  railties (3.2.8) lib/rails/rack/logger.rb:16:in `call'
  actionpack (3.2.8) lib/action_dispatch/middleware/request_id.rb:22:in `call'
  rack (1.4.1) lib/rack/methodoverride.rb:21:in `call'
  rack (1.4.1) lib/rack/runtime.rb:17:in `call'
  activesupport (3.2.8) lib/active_support/cache/strategy/local_cache.rb:72:in `call'
  rack (1.4.1) lib/rack/lock.rb:15:in `call'
  actionpack (3.2.8) lib/action_dispatch/middleware/static.rb:62:in `call'
  railties (3.2.8) lib/rails/engine.rb:479:in `call'
  railties (3.2.8) lib/rails/application.rb:223:in `call'
  rack (1.4.1) lib/rack/content_length.rb:14:in `call'
  railties (3.2.8) lib/rails/rack/log_tailer.rb:17:in `call'
  thin (1.4.1) lib/thin/connection.rb:80:in `block in pre_process'
  thin (1.4.1) lib/thin/connection.rb:78:in `catch'
  thin (1.4.1) lib/thin/connection.rb:78:in `pre_process'
  thin (1.4.1) lib/thin/connection.rb:53:in `process'
  thin (1.4.1) lib/thin/connection.rb:38:in `receive_data'
  eventmachine (0.12.10) lib/eventmachine.rb:256:in `run_machine'
  eventmachine (0.12.10) lib/eventmachine.rb:256:in `run'
  thin (1.4.1) lib/thin/backends/base.rb:63:in `start'
  thin (1.4.1) lib/thin/server.rb:159:in `start'
  rack (1.4.1) lib/rack/handler/thin.rb:13:in `run'
  rack (1.4.1) lib/rack/server.rb:265:in `start'
  railties (3.2.8) lib/rails/commands/server.rb:70:in `start'
  railties (3.2.8) lib/rails/commands.rb:55:in `block in <top (required)>'
  railties (3.2.8) lib/rails/commands.rb:50:in `tap'
  railties (3.2.8) lib/rails/commands.rb:50:in `<top (required)>'
  script/rails:6:in `require'
  script/rails:6:in `<main>'


